<html>
<head>
<title>TestNG:  Test</title>
<link href="../testng.css" rel="stylesheet" type="text/css" />
<link href="../my-testng.css" rel="stylesheet" type="text/css" />

<style type="text/css">
.log { display: none;} 
.stack-trace { display: none;} 
</style>
<script type="text/javascript">
<!--
function flip(e) {
  current = e.style.display;
  if (current == 'block') {
    e.style.display = 'none';
    return 0;
  }
  else {
    e.style.display = 'block';
    return 1;
  }
}

function toggleBox(szDivId, elem, msg1, msg2)
{
  var res = -1;  if (document.getElementById) {
    res = flip(document.getElementById(szDivId));
  }
  else if (document.all) {
    // this is the way old msie versions work
    res = flip(document.all[szDivId]);
  }
  if(elem) {
    if(res == 0) elem.innerHTML = msg1; else elem.innerHTML = msg2;
  }

}

function toggleAllBoxes() {
  if (document.getElementsByTagName) {
    d = document.getElementsByTagName('div');
    for (i = 0; i < d.length; i++) {
      if (d[i].className == 'log') {
        flip(d[i]);
      }
    }
  }
}

// -->
</script>

</head>
<body>
<h2 align='center'>Test</h2><table border='1' align="center">
<tr>
<td>Tests passed/Failed/Skipped:</td><td>28/4/0</td>
</tr><tr>
<td>Started on:</td><td>Mon Apr 27 19:56:19 IST 2020</td>
</tr>
<tr><td>Total time:</td><td>35 seconds (35286 ms)</td>
</tr><tr>
<td>Included groups:</td><td></td>
</tr><tr>
<td>Excluded groups:</td><td></td>
</tr>
</table><p/>
<small><i>(Hover the method name to see the test class name)</i></small><p/>
<table width='100%' border='1' class='invocation-failed'>
<tr><td colspan='4' align='center'><b>FAILED TESTS</b></td></tr>
<tr><td><b>Test method</b></td>
<td width="30%"><b>Exception</b></td>
<td width="10%"><b>Time (seconds)</b></td>
<td><b>Instance</b></td>
</tr>
<tr>
<td title='org.com.projectname.testcases.TC005_Delete_DeleteSingleEmployeeDetail.CheckResponseBody()'><b>CheckResponseBody</b><br>Test class: org.com.projectname.testcases.TC005_Delete_DeleteSingleEmployeeDetail</td>
<td><div><pre>java.lang.AssertionError: expected [true] but found [false]
	at org.com.projectname.testcases.TC005_Delete_DeleteSingleEmployeeDetail.CheckResponseBody(TC005_Delete_DeleteSingleEmployeeDetail.java:33)
... Removed 31 stack frames</pre></div><a href='#' onClick='toggleBox("stack-trace775174220", this, "Click to show all stack frames", "Click to hide stack frames")'>Click to show all stack frames</a>
<div class='stack-trace' id='stack-trace775174220'><pre>java.lang.AssertionError: expected [true] but found [false]
	at org.testng.Assert.fail(Assert.java:93)
	at org.testng.Assert.failNotEquals(Assert.java:512)
	at org.testng.Assert.assertEqualsImpl(Assert.java:134)
	at org.testng.Assert.assertEquals(Assert.java:115)
	at org.testng.Assert.assertEquals(Assert.java:304)
	at org.testng.Assert.assertEquals(Assert.java:314)
	at org.com.projectname.testcases.TC005_Delete_DeleteSingleEmployeeDetail.CheckResponseBody(TC005_Delete_DeleteSingleEmployeeDetail.java:33)
	at sun.reflect.NativeMethodAccessorImpl.invoke0(Native Method)
	at sun.reflect.NativeMethodAccessorImpl.invoke(Unknown Source)
	at sun.reflect.DelegatingMethodAccessorImpl.invoke(Unknown Source)
	at java.lang.reflect.Method.invoke(Unknown Source)
	at org.testng.internal.MethodInvocationHelper.invokeMethod(MethodInvocationHelper.java:108)
	at org.testng.internal.Invoker.invokeMethod(Invoker.java:661)
	at org.testng.internal.Invoker.invokeTestMethod(Invoker.java:869)
	at org.testng.internal.Invoker.invokeTestMethods(Invoker.java:1193)
	at org.testng.internal.TestMethodWorker.invokeTestMethods(TestMethodWorker.java:126)
	at org.testng.internal.TestMethodWorker.run(TestMethodWorker.java:109)
	at org.testng.TestRunner.privateRun(TestRunner.java:744)
	at org.testng.TestRunner.run(TestRunner.java:602)
	at org.testng.SuiteRunner.runTest(SuiteRunner.java:380)
	at org.testng.SuiteRunner.runSequentially(SuiteRunner.java:375)
	at org.testng.SuiteRunner.privateRun(SuiteRunner.java:340)
	at org.testng.SuiteRunner.run(SuiteRunner.java:289)
	at org.testng.SuiteRunnerWorker.runSuite(SuiteRunnerWorker.java:52)
	at org.testng.SuiteRunnerWorker.run(SuiteRunnerWorker.java:86)
	at org.testng.TestNG.runSuitesSequentially(TestNG.java:1301)
	at org.testng.TestNG.runSuitesLocally(TestNG.java:1226)
	at org.testng.TestNG.runSuites(TestNG.java:1144)
	at org.testng.TestNG.run(TestNG.java:1115)
	at org.testng.remote.AbstractRemoteTestNG.run(AbstractRemoteTestNG.java:114)
	at org.testng.remote.RemoteTestNG.initAndRun(RemoteTestNG.java:251)
	at org.testng.remote.RemoteTestNG.main(RemoteTestNG.java:77)
</pre></div></td>
<td>0</td>
<td>org.com.projectname.testcases.TC005_Delete_DeleteSingleEmployeeDetail@26be92ad</td></tr>
<tr>
<td title='org.com.projectname.testcases.TC005_Delete_DeleteSingleEmployeeDetail.checkContentType()'><b>checkContentType</b><br>Test class: org.com.projectname.testcases.TC005_Delete_DeleteSingleEmployeeDetail</td>
<td><div><pre>java.lang.AssertionError: expected [application/json;charset=utf-8] but found [application/json; charset=utf-8]
	at org.com.projectname.testcases.TC005_Delete_DeleteSingleEmployeeDetail.checkContentType(TC005_Delete_DeleteSingleEmployeeDetail.java:68)
... Removed 31 stack frames</pre></div><a href='#' onClick='toggleBox("stack-trace1740797856", this, "Click to show all stack frames", "Click to hide stack frames")'>Click to show all stack frames</a>
<div class='stack-trace' id='stack-trace1740797856'><pre>java.lang.AssertionError: expected [application/json;charset=utf-8] but found [application/json; charset=utf-8]
	at org.testng.Assert.fail(Assert.java:93)
	at org.testng.Assert.failNotEquals(Assert.java:512)
	at org.testng.Assert.assertEqualsImpl(Assert.java:134)
	at org.testng.Assert.assertEquals(Assert.java:115)
	at org.testng.Assert.assertEquals(Assert.java:189)
	at org.testng.Assert.assertEquals(Assert.java:199)
	at org.com.projectname.testcases.TC005_Delete_DeleteSingleEmployeeDetail.checkContentType(TC005_Delete_DeleteSingleEmployeeDetail.java:68)
	at sun.reflect.NativeMethodAccessorImpl.invoke0(Native Method)
	at sun.reflect.NativeMethodAccessorImpl.invoke(Unknown Source)
	at sun.reflect.DelegatingMethodAccessorImpl.invoke(Unknown Source)
	at java.lang.reflect.Method.invoke(Unknown Source)
	at org.testng.internal.MethodInvocationHelper.invokeMethod(MethodInvocationHelper.java:108)
	at org.testng.internal.Invoker.invokeMethod(Invoker.java:661)
	at org.testng.internal.Invoker.invokeTestMethod(Invoker.java:869)
	at org.testng.internal.Invoker.invokeTestMethods(Invoker.java:1193)
	at org.testng.internal.TestMethodWorker.invokeTestMethods(TestMethodWorker.java:126)
	at org.testng.internal.TestMethodWorker.run(TestMethodWorker.java:109)
	at org.testng.TestRunner.privateRun(TestRunner.java:744)
	at org.testng.TestRunner.run(TestRunner.java:602)
	at org.testng.SuiteRunner.runTest(SuiteRunner.java:380)
	at org.testng.SuiteRunner.runSequentially(SuiteRunner.java:375)
	at org.testng.SuiteRunner.privateRun(SuiteRunner.java:340)
	at org.testng.SuiteRunner.run(SuiteRunner.java:289)
	at org.testng.SuiteRunnerWorker.runSuite(SuiteRunnerWorker.java:52)
	at org.testng.SuiteRunnerWorker.run(SuiteRunnerWorker.java:86)
	at org.testng.TestNG.runSuitesSequentially(TestNG.java:1301)
	at org.testng.TestNG.runSuitesLocally(TestNG.java:1226)
	at org.testng.TestNG.runSuites(TestNG.java:1144)
	at org.testng.TestNG.run(TestNG.java:1115)
	at org.testng.remote.AbstractRemoteTestNG.run(AbstractRemoteTestNG.java:114)
	at org.testng.remote.RemoteTestNG.initAndRun(RemoteTestNG.java:251)
	at org.testng.remote.RemoteTestNG.main(RemoteTestNG.java:77)
</pre></div></td>
<td>0</td>
<td>org.com.projectname.testcases.TC005_Delete_DeleteSingleEmployeeDetail@26be92ad</td></tr>
<tr>
<td title='org.com.projectname.testcases.TC005_Delete_DeleteSingleEmployeeDetail.checkServerType()'><b>checkServerType</b><br>Test class: org.com.projectname.testcases.TC005_Delete_DeleteSingleEmployeeDetail</td>
<td><div><pre>java.lang.AssertionError: expected [nginx/1.16.0] but found [null]
	at org.com.projectname.testcases.TC005_Delete_DeleteSingleEmployeeDetail.checkServerType(TC005_Delete_DeleteSingleEmployeeDetail.java:76)
... Removed 31 stack frames</pre></div><a href='#' onClick='toggleBox("stack-trace1067936865", this, "Click to show all stack frames", "Click to hide stack frames")'>Click to show all stack frames</a>
<div class='stack-trace' id='stack-trace1067936865'><pre>java.lang.AssertionError: expected [nginx/1.16.0] but found [null]
	at org.testng.Assert.fail(Assert.java:93)
	at org.testng.Assert.failNotEquals(Assert.java:512)
	at org.testng.Assert.assertEqualsImpl(Assert.java:129)
	at org.testng.Assert.assertEquals(Assert.java:115)
	at org.testng.Assert.assertEquals(Assert.java:189)
	at org.testng.Assert.assertEquals(Assert.java:199)
	at org.com.projectname.testcases.TC005_Delete_DeleteSingleEmployeeDetail.checkServerType(TC005_Delete_DeleteSingleEmployeeDetail.java:76)
	at sun.reflect.NativeMethodAccessorImpl.invoke0(Native Method)
	at sun.reflect.NativeMethodAccessorImpl.invoke(Unknown Source)
	at sun.reflect.DelegatingMethodAccessorImpl.invoke(Unknown Source)
	at java.lang.reflect.Method.invoke(Unknown Source)
	at org.testng.internal.MethodInvocationHelper.invokeMethod(MethodInvocationHelper.java:108)
	at org.testng.internal.Invoker.invokeMethod(Invoker.java:661)
	at org.testng.internal.Invoker.invokeTestMethod(Invoker.java:869)
	at org.testng.internal.Invoker.invokeTestMethods(Invoker.java:1193)
	at org.testng.internal.TestMethodWorker.invokeTestMethods(TestMethodWorker.java:126)
	at org.testng.internal.TestMethodWorker.run(TestMethodWorker.java:109)
	at org.testng.TestRunner.privateRun(TestRunner.java:744)
	at org.testng.TestRunner.run(TestRunner.java:602)
	at org.testng.SuiteRunner.runTest(SuiteRunner.java:380)
	at org.testng.SuiteRunner.runSequentially(SuiteRunner.java:375)
	at org.testng.SuiteRunner.privateRun(SuiteRunner.java:340)
	at org.testng.SuiteRunner.run(SuiteRunner.java:289)
	at org.testng.SuiteRunnerWorker.runSuite(SuiteRunnerWorker.java:52)
	at org.testng.SuiteRunnerWorker.run(SuiteRunnerWorker.java:86)
	at org.testng.TestNG.runSuitesSequentially(TestNG.java:1301)
	at org.testng.TestNG.runSuitesLocally(TestNG.java:1226)
	at org.testng.TestNG.runSuites(TestNG.java:1144)
	at org.testng.TestNG.run(TestNG.java:1115)
	at org.testng.remote.AbstractRemoteTestNG.run(AbstractRemoteTestNG.java:114)
	at org.testng.remote.RemoteTestNG.initAndRun(RemoteTestNG.java:251)
	at org.testng.remote.RemoteTestNG.main(RemoteTestNG.java:77)
</pre></div></td>
<td>0</td>
<td>org.com.projectname.testcases.TC005_Delete_DeleteSingleEmployeeDetail@26be92ad</td></tr>
<tr>
<td title='org.com.projectname.testcases.TC_003_Post_SingleEmployeeDetail.checkStatusCode()'><b>checkStatusCode</b><br>Test class: org.com.projectname.testcases.TC_003_Post_SingleEmployeeDetail</td>
<td><div><pre>java.lang.AssertionError: expected [200] but found [201]
	at org.com.projectname.testcases.TC_003_Post_SingleEmployeeDetail.checkStatusCode(TC_003_Post_SingleEmployeeDetail.java:59)
... Removed 31 stack frames</pre></div><a href='#' onClick='toggleBox("stack-trace1677543539", this, "Click to show all stack frames", "Click to hide stack frames")'>Click to show all stack frames</a>
<div class='stack-trace' id='stack-trace1677543539'><pre>java.lang.AssertionError: expected [200] but found [201]
	at org.testng.Assert.fail(Assert.java:93)
	at org.testng.Assert.failNotEquals(Assert.java:512)
	at org.testng.Assert.assertEqualsImpl(Assert.java:134)
	at org.testng.Assert.assertEquals(Assert.java:115)
	at org.testng.Assert.assertEquals(Assert.java:388)
	at org.testng.Assert.assertEquals(Assert.java:398)
	at org.com.projectname.testcases.TC_003_Post_SingleEmployeeDetail.checkStatusCode(TC_003_Post_SingleEmployeeDetail.java:59)
	at sun.reflect.NativeMethodAccessorImpl.invoke0(Native Method)
	at sun.reflect.NativeMethodAccessorImpl.invoke(Unknown Source)
	at sun.reflect.DelegatingMethodAccessorImpl.invoke(Unknown Source)
	at java.lang.reflect.Method.invoke(Unknown Source)
	at org.testng.internal.MethodInvocationHelper.invokeMethod(MethodInvocationHelper.java:108)
	at org.testng.internal.Invoker.invokeMethod(Invoker.java:661)
	at org.testng.internal.Invoker.invokeTestMethod(Invoker.java:869)
	at org.testng.internal.Invoker.invokeTestMethods(Invoker.java:1193)
	at org.testng.internal.TestMethodWorker.invokeTestMethods(TestMethodWorker.java:126)
	at org.testng.internal.TestMethodWorker.run(TestMethodWorker.java:109)
	at org.testng.TestRunner.privateRun(TestRunner.java:744)
	at org.testng.TestRunner.run(TestRunner.java:602)
	at org.testng.SuiteRunner.runTest(SuiteRunner.java:380)
	at org.testng.SuiteRunner.runSequentially(SuiteRunner.java:375)
	at org.testng.SuiteRunner.privateRun(SuiteRunner.java:340)
	at org.testng.SuiteRunner.run(SuiteRunner.java:289)
	at org.testng.SuiteRunnerWorker.runSuite(SuiteRunnerWorker.java:52)
	at org.testng.SuiteRunnerWorker.run(SuiteRunnerWorker.java:86)
	at org.testng.TestNG.runSuitesSequentially(TestNG.java:1301)
	at org.testng.TestNG.runSuitesLocally(TestNG.java:1226)
	at org.testng.TestNG.runSuites(TestNG.java:1144)
	at org.testng.TestNG.run(TestNG.java:1115)
	at org.testng.remote.AbstractRemoteTestNG.run(AbstractRemoteTestNG.java:114)
	at org.testng.remote.RemoteTestNG.initAndRun(RemoteTestNG.java:251)
	at org.testng.remote.RemoteTestNG.main(RemoteTestNG.java:77)
</pre></div></td>
<td>0</td>
<td>org.com.projectname.testcases.TC_003_Post_SingleEmployeeDetail@475530b9</td></tr>
</table><p>
<table width='100%' border='1' class='invocation-passed'>
<tr><td colspan='4' align='center'><b>PASSED TESTS</b></td></tr>
<tr><td><b>Test method</b></td>
<td width="30%"><b>Exception</b></td>
<td width="10%"><b>Time (seconds)</b></td>
<td><b>Instance</b></td>
</tr>
<tr>
<td title='org.com.projectname.testcases.TC005_Delete_DeleteSingleEmployeeDetail.CheckResponseTime()'><b>CheckResponseTime</b><br>Test class: org.com.projectname.testcases.TC005_Delete_DeleteSingleEmployeeDetail</td>
<td></td>
<td>0</td>
<td>org.com.projectname.testcases.TC005_Delete_DeleteSingleEmployeeDetail@26be92ad</td></tr>
<tr>
<td title='org.com.projectname.testcases.TC005_Delete_DeleteSingleEmployeeDetail.CheckStatusCode()'><b>CheckStatusCode</b><br>Test class: org.com.projectname.testcases.TC005_Delete_DeleteSingleEmployeeDetail</td>
<td></td>
<td>0</td>
<td>org.com.projectname.testcases.TC005_Delete_DeleteSingleEmployeeDetail@26be92ad</td></tr>
<tr>
<td title='org.com.projectname.testcases.TC005_Delete_DeleteSingleEmployeeDetail.CheckStatusLine()'><b>CheckStatusLine</b><br>Test class: org.com.projectname.testcases.TC005_Delete_DeleteSingleEmployeeDetail</td>
<td></td>
<td>0</td>
<td>org.com.projectname.testcases.TC005_Delete_DeleteSingleEmployeeDetail@26be92ad</td></tr>
<tr>
<td title='org.com.projectname.testcases.TC_003_Put_SingleEmployeeDetail.checkConnectionType()'><b>checkConnectionType</b><br>Test class: org.com.projectname.testcases.TC_003_Put_SingleEmployeeDetail</td>
<td></td>
<td>0</td>
<td>org.com.projectname.testcases.TC_003_Put_SingleEmployeeDetail@1d057a39</td></tr>
<tr>
<td title='org.com.projectname.testcases.TC001_GetAllEmployeeDetails.checkContentEncoding()'><b>checkContentEncoding</b><br>Test class: org.com.projectname.testcases.TC001_GetAllEmployeeDetails</td>
<td></td>
<td>0</td>
<td>org.com.projectname.testcases.TC001_GetAllEmployeeDetails@4b9e13df</td></tr>
<tr>
<td title='org.com.projectname.testcases.TC001_GetAllEmployeeDetails.checkContentLength()'><b>checkContentLength</b><br>Test class: org.com.projectname.testcases.TC001_GetAllEmployeeDetails</td>
<td></td>
<td>0</td>
<td>org.com.projectname.testcases.TC001_GetAllEmployeeDetails@4b9e13df</td></tr>
<tr>
<td title='org.com.projectname.testcases.TC_003_Post_SingleEmployeeDetail.checkContentLength()'><b>checkContentLength</b><br>Test class: org.com.projectname.testcases.TC_003_Post_SingleEmployeeDetail</td>
<td></td>
<td>0</td>
<td>org.com.projectname.testcases.TC_003_Post_SingleEmployeeDetail@475530b9</td></tr>
<tr>
<td title='org.com.projectname.testcases.TC_003_Put_SingleEmployeeDetail.checkContentLength()'><b>checkContentLength</b><br>Test class: org.com.projectname.testcases.TC_003_Put_SingleEmployeeDetail</td>
<td></td>
<td>0</td>
<td>org.com.projectname.testcases.TC_003_Put_SingleEmployeeDetail@1d057a39</td></tr>
<tr>
<td title='org.com.projectname.testcases.TC_002_GetSingleEmployeeDetail.checkContentType()'><b>checkContentType</b><br>Test class: org.com.projectname.testcases.TC_002_GetSingleEmployeeDetail</td>
<td></td>
<td>0</td>
<td>org.com.projectname.testcases.TC_002_GetSingleEmployeeDetail@2b98378d</td></tr>
<tr>
<td title='org.com.projectname.testcases.TC_003_Post_SingleEmployeeDetail.checkContentType()'><b>checkContentType</b><br>Test class: org.com.projectname.testcases.TC_003_Post_SingleEmployeeDetail</td>
<td></td>
<td>0</td>
<td>org.com.projectname.testcases.TC_003_Post_SingleEmployeeDetail@475530b9</td></tr>
<tr>
<td title='org.com.projectname.testcases.TC_003_Put_SingleEmployeeDetail.checkContentType()'><b>checkContentType</b><br>Test class: org.com.projectname.testcases.TC_003_Put_SingleEmployeeDetail</td>
<td></td>
<td>0</td>
<td>org.com.projectname.testcases.TC_003_Put_SingleEmployeeDetail@1d057a39</td></tr>
<tr>
<td title='org.com.projectname.testcases.TC001_GetAllEmployeeDetails.checkCookies()'><b>checkCookies</b><br>Test class: org.com.projectname.testcases.TC001_GetAllEmployeeDetails</td>
<td></td>
<td>0</td>
<td>org.com.projectname.testcases.TC001_GetAllEmployeeDetails@4b9e13df</td></tr>
<tr>
<td title='org.com.projectname.testcases.TC_002_GetSingleEmployeeDetail.checkResponeBody()'><b>checkResponeBody</b><br>Test class: org.com.projectname.testcases.TC_002_GetSingleEmployeeDetail</td>
<td></td>
<td>0</td>
<td>org.com.projectname.testcases.TC_002_GetSingleEmployeeDetail@2b98378d</td></tr>
<tr>
<td title='org.com.projectname.testcases.TC_002_GetSingleEmployeeDetail.checkResponsTime()'><b>checkResponsTime</b><br>Test class: org.com.projectname.testcases.TC_002_GetSingleEmployeeDetail</td>
<td></td>
<td>0</td>
<td>org.com.projectname.testcases.TC_002_GetSingleEmployeeDetail@2b98378d</td></tr>
<tr>
<td title='org.com.projectname.testcases.TC_003_Post_SingleEmployeeDetail.checkResponsTime()'><b>checkResponsTime</b><br>Test class: org.com.projectname.testcases.TC_003_Post_SingleEmployeeDetail</td>
<td></td>
<td>0</td>
<td>org.com.projectname.testcases.TC_003_Post_SingleEmployeeDetail@475530b9</td></tr>
<tr>
<td title='org.com.projectname.testcases.TC_003_Put_SingleEmployeeDetail.checkResponsTime()'><b>checkResponsTime</b><br>Test class: org.com.projectname.testcases.TC_003_Put_SingleEmployeeDetail</td>
<td></td>
<td>0</td>
<td>org.com.projectname.testcases.TC_003_Put_SingleEmployeeDetail@1d057a39</td></tr>
<tr>
<td title='org.com.projectname.testcases.TC001_GetAllEmployeeDetails.checkResponseBody()'><b>checkResponseBody</b><br>Test class: org.com.projectname.testcases.TC001_GetAllEmployeeDetails</td>
<td></td>
<td>0</td>
<td>org.com.projectname.testcases.TC001_GetAllEmployeeDetails@4b9e13df</td></tr>
<tr>
<td title='org.com.projectname.testcases.TC_003_Post_SingleEmployeeDetail.checkResponseBody()'><b>checkResponseBody</b><br>Test class: org.com.projectname.testcases.TC_003_Post_SingleEmployeeDetail</td>
<td></td>
<td>0</td>
<td>org.com.projectname.testcases.TC_003_Post_SingleEmployeeDetail@475530b9</td></tr>
<tr>
<td title='org.com.projectname.testcases.TC_003_Put_SingleEmployeeDetail.checkResponseBody()'><b>checkResponseBody</b><br>Test class: org.com.projectname.testcases.TC_003_Put_SingleEmployeeDetail</td>
<td></td>
<td>0</td>
<td>org.com.projectname.testcases.TC_003_Put_SingleEmployeeDetail@1d057a39</td></tr>
<tr>
<td title='org.com.projectname.testcases.TC001_GetAllEmployeeDetails.checkResponseTime()'><b>checkResponseTime</b><br>Test class: org.com.projectname.testcases.TC001_GetAllEmployeeDetails</td>
<td></td>
<td>0</td>
<td>org.com.projectname.testcases.TC001_GetAllEmployeeDetails@4b9e13df</td></tr>
<tr>
<td title='org.com.projectname.testcases.TC001_GetAllEmployeeDetails.checkServerType()'><b>checkServerType</b><br>Test class: org.com.projectname.testcases.TC001_GetAllEmployeeDetails</td>
<td></td>
<td>0</td>
<td>org.com.projectname.testcases.TC001_GetAllEmployeeDetails@4b9e13df</td></tr>
<tr>
<td title='org.com.projectname.testcases.TC001_GetAllEmployeeDetails.checkStatusCode()'><b>checkStatusCode</b><br>Test class: org.com.projectname.testcases.TC001_GetAllEmployeeDetails</td>
<td></td>
<td>0</td>
<td>org.com.projectname.testcases.TC001_GetAllEmployeeDetails@4b9e13df</td></tr>
<tr>
<td title='org.com.projectname.testcases.TC_002_GetSingleEmployeeDetail.checkStatusCode()'><b>checkStatusCode</b><br>Test class: org.com.projectname.testcases.TC_002_GetSingleEmployeeDetail</td>
<td></td>
<td>0</td>
<td>org.com.projectname.testcases.TC_002_GetSingleEmployeeDetail@2b98378d</td></tr>
<tr>
<td title='org.com.projectname.testcases.TC_003_Put_SingleEmployeeDetail.checkStatusCode()'><b>checkStatusCode</b><br>Test class: org.com.projectname.testcases.TC_003_Put_SingleEmployeeDetail</td>
<td></td>
<td>0</td>
<td>org.com.projectname.testcases.TC_003_Put_SingleEmployeeDetail@1d057a39</td></tr>
<tr>
<td title='org.com.projectname.testcases.TC001_GetAllEmployeeDetails.checkStatusLine()'><b>checkStatusLine</b><br>Test class: org.com.projectname.testcases.TC001_GetAllEmployeeDetails</td>
<td></td>
<td>0</td>
<td>org.com.projectname.testcases.TC001_GetAllEmployeeDetails@4b9e13df</td></tr>
<tr>
<td title='org.com.projectname.testcases.TC_002_GetSingleEmployeeDetail.checkStatusLine()'><b>checkStatusLine</b><br>Test class: org.com.projectname.testcases.TC_002_GetSingleEmployeeDetail</td>
<td></td>
<td>0</td>
<td>org.com.projectname.testcases.TC_002_GetSingleEmployeeDetail@2b98378d</td></tr>
<tr>
<td title='org.com.projectname.testcases.TC001_GetAllEmployeeDetails.contentType()'><b>contentType</b><br>Test class: org.com.projectname.testcases.TC001_GetAllEmployeeDetails</td>
<td></td>
<td>0</td>
<td>org.com.projectname.testcases.TC001_GetAllEmployeeDetails@4b9e13df</td></tr>
<tr>
<td title='org.com.projectname.testcases.TC001_GetAllEmployeeDetails.tearDown()'><b>tearDown</b><br>Test class: org.com.projectname.testcases.TC001_GetAllEmployeeDetails</td>
<td></td>
<td>0</td>
<td>org.com.projectname.testcases.TC001_GetAllEmployeeDetails@4b9e13df</td></tr>
</table><p>
</body>
</html>