<?xml version="1.0" encoding="UTF-8"?>
<!-- Generated by org.testng.reporters.JUnitXMLReporter -->
<testsuite hostname="DESKTOP-P20C76C" ignored="0" name="Test" tests="32" failures="4" timestamp="27 Apr 2020 14:26:54 GMT" time="35.286" errors="0">
  <testcase name="checkContentEncoding" time="0.038" classname="org.com.projectname.testcases.TC001_GetAllEmployeeDetails"/>
  <testcase name="checkContentLength" time="0.0" classname="org.com.projectname.testcases.TC001_GetAllEmployeeDetails"/>
  <testcase name="checkCookies" time="0.016" classname="org.com.projectname.testcases.TC001_GetAllEmployeeDetails"/>
  <testcase name="checkResponseBody" time="0.093" classname="org.com.projectname.testcases.TC001_GetAllEmployeeDetails"/>
  <testcase name="checkResponseTime" time="0.016" classname="org.com.projectname.testcases.TC001_GetAllEmployeeDetails"/>
  <testcase name="checkServerType" time="0.0" classname="org.com.projectname.testcases.TC001_GetAllEmployeeDetails"/>
  <testcase name="checkStatusCode" time="0.0" classname="org.com.projectname.testcases.TC001_GetAllEmployeeDetails"/>
  <testcase name="checkStatusLine" time="0.0" classname="org.com.projectname.testcases.TC001_GetAllEmployeeDetails"/>
  <testcase name="contentType" time="0.0" classname="org.com.projectname.testcases.TC001_GetAllEmployeeDetails"/>
  <testcase name="tearDown" time="0.016" classname="org.com.projectname.testcases.TC001_GetAllEmployeeDetails"/>
  <testcase name="checkContentType" time="0.008" classname="org.com.projectname.testcases.TC_002_GetSingleEmployeeDetail"/>
  <testcase name="checkResponeBody" time="0.016" classname="org.com.projectname.testcases.TC_002_GetSingleEmployeeDetail"/>
  <testcase name="checkResponsTime" time="0.0" classname="org.com.projectname.testcases.TC_002_GetSingleEmployeeDetail"/>
  <testcase name="checkStatusCode" time="0.0" classname="org.com.projectname.testcases.TC_002_GetSingleEmployeeDetail"/>
  <testcase name="checkStatusLine" time="0.0" classname="org.com.projectname.testcases.TC_002_GetSingleEmployeeDetail"/>
  <testcase name="checkContentLength" time="0.004" classname="org.com.projectname.testcases.TC_003_Post_SingleEmployeeDetail"/>
  <testcase name="checkContentType" time="0.0" classname="org.com.projectname.testcases.TC_003_Post_SingleEmployeeDetail"/>
  <testcase name="checkResponsTime" time="0.0" classname="org.com.projectname.testcases.TC_003_Post_SingleEmployeeDetail"/>
  <testcase name="checkResponseBody" time="0.016" classname="org.com.projectname.testcases.TC_003_Post_SingleEmployeeDetail"/>
  <testcase name="checkStatusCode" time="0.016" classname="org.com.projectname.testcases.TC_003_Post_SingleEmployeeDetail">
    <failure type="java.lang.AssertionError" message="expected [200] but found [201]">
      <![CDATA[java.lang.AssertionError: expected [200] but found [201]
	at org.com.projectname.testcases.TC_003_Post_SingleEmployeeDetail.checkStatusCode(TC_003_Post_SingleEmployeeDetail.java:59)
... Removed 31 stack frames]]>
    </failure>
  </testcase> <!-- checkStatusCode -->
  <testcase name="checkConnectionType" time="0.021" classname="org.com.projectname.testcases.TC_003_Put_SingleEmployeeDetail"/>
  <testcase name="checkContentLength" time="0.0" classname="org.com.projectname.testcases.TC_003_Put_SingleEmployeeDetail"/>
  <testcase name="checkContentType" time="0.0" classname="org.com.projectname.testcases.TC_003_Put_SingleEmployeeDetail"/>
  <testcase name="checkResponsTime" time="0.015" classname="org.com.projectname.testcases.TC_003_Put_SingleEmployeeDetail"/>
  <testcase name="checkResponseBody" time="0.016" classname="org.com.projectname.testcases.TC_003_Put_SingleEmployeeDetail"/>
  <testcase name="checkStatusCode" time="0.016" classname="org.com.projectname.testcases.TC_003_Put_SingleEmployeeDetail"/>
  <testcase name="CheckResponseBody" time="0.026" classname="org.com.projectname.testcases.TC005_Delete_DeleteSingleEmployeeDetail">
    <failure type="java.lang.AssertionError" message="expected [true] but found [false]">
      <![CDATA[java.lang.AssertionError: expected [true] but found [false]
	at org.com.projectname.testcases.TC005_Delete_DeleteSingleEmployeeDetail.CheckResponseBody(TC005_Delete_DeleteSingleEmployeeDetail.java:33)
... Removed 31 stack frames]]>
    </failure>
  </testcase> <!-- CheckResponseBody -->
  <testcase name="CheckResponseTime" time="0.015" classname="org.com.projectname.testcases.TC005_Delete_DeleteSingleEmployeeDetail"/>
  <testcase name="CheckStatusCode" time="0.0" classname="org.com.projectname.testcases.TC005_Delete_DeleteSingleEmployeeDetail"/>
  <testcase name="CheckStatusLine" time="0.0" classname="org.com.projectname.testcases.TC005_Delete_DeleteSingleEmployeeDetail"/>
  <testcase name="checkContentType" time="0.016" classname="org.com.projectname.testcases.TC005_Delete_DeleteSingleEmployeeDetail">
    <failure type="java.lang.AssertionError" message="expected [application/json;charset=utf-8] but found [application/json; charset=utf-8]">
      <![CDATA[java.lang.AssertionError: expected [application/json;charset=utf-8] but found [application/json; charset=utf-8]
	at org.com.projectname.testcases.TC005_Delete_DeleteSingleEmployeeDetail.checkContentType(TC005_Delete_DeleteSingleEmployeeDetail.java:68)
... Removed 31 stack frames]]>
    </failure>
  </testcase> <!-- checkContentType -->
  <testcase name="checkServerType" time="0.0" classname="org.com.projectname.testcases.TC005_Delete_DeleteSingleEmployeeDetail">
    <failure type="java.lang.AssertionError" message="expected [nginx/1.16.0] but found [null]">
      <![CDATA[java.lang.AssertionError: expected [nginx/1.16.0] but found [null]
	at org.com.projectname.testcases.TC005_Delete_DeleteSingleEmployeeDetail.checkServerType(TC005_Delete_DeleteSingleEmployeeDetail.java:76)
... Removed 31 stack frames]]>
    </failure>
  </testcase> <!-- checkServerType -->
</testsuite> <!-- Test -->
