<?xml version="1.0" encoding="UTF-8"?>
<testng-results skipped="0" failed="2" ignored="0" total="22" passed="20">
  <reporter-output>
  </reporter-output>
  <suite name="Suite" duration-ms="25180" started-at="2020-04-25T08:28:15Z" finished-at="2020-04-25T08:28:40Z">
    <groups>
    </groups>
    <test name="Test" duration-ms="25180" started-at="2020-04-25T08:28:15Z" finished-at="2020-04-25T08:28:40Z">
      <class name="org.com.projectname.testcases.TC_002_GetSingleEmployeeDetail">
        <test-method status="PASS" signature="setUp()[pri:0, instance:org.com.projectname.testcases.TC_002_GetSingleEmployeeDetail@6b2fad11]" name="setUp" is-config="true" duration-ms="4" started-at="2020-04-25T13:58:30Z" finished-at="2020-04-25T13:58:30Z">
          <reporter-output>
          </reporter-output>
        </test-method> <!-- setUp -->
        <test-method status="PASS" signature="getSingleEmployee()[pri:0, instance:org.com.projectname.testcases.TC_002_GetSingleEmployeeDetail@6b2fad11]" name="getSingleEmployee" is-config="true" duration-ms="4243" started-at="2020-04-25T13:58:30Z" finished-at="2020-04-25T13:58:34Z">
          <reporter-output>
          </reporter-output>
        </test-method> <!-- getSingleEmployee -->
        <test-method status="PASS" signature="checkContentType()[pri:0, instance:org.com.projectname.testcases.TC_002_GetSingleEmployeeDetail@6b2fad11]" name="checkContentType" duration-ms="0" started-at="2020-04-25T13:58:34Z" finished-at="2020-04-25T13:58:34Z">
          <reporter-output>
          </reporter-output>
        </test-method> <!-- checkContentType -->
        <test-method status="PASS" signature="checkResponeBody()[pri:0, instance:org.com.projectname.testcases.TC_002_GetSingleEmployeeDetail@6b2fad11]" name="checkResponeBody" duration-ms="63" started-at="2020-04-25T13:58:34Z" finished-at="2020-04-25T13:58:34Z">
          <reporter-output>
          </reporter-output>
        </test-method> <!-- checkResponeBody -->
        <test-method status="PASS" signature="checkResponsTime()[pri:0, instance:org.com.projectname.testcases.TC_002_GetSingleEmployeeDetail@6b2fad11]" name="checkResponsTime" duration-ms="0" started-at="2020-04-25T13:58:34Z" finished-at="2020-04-25T13:58:34Z">
          <reporter-output>
          </reporter-output>
        </test-method> <!-- checkResponsTime -->
        <test-method status="PASS" signature="checkServerType()[pri:0, instance:org.com.projectname.testcases.TC_002_GetSingleEmployeeDetail@6b2fad11]" name="checkServerType" duration-ms="0" started-at="2020-04-25T13:58:34Z" finished-at="2020-04-25T13:58:34Z">
          <reporter-output>
          </reporter-output>
        </test-method> <!-- checkServerType -->
        <test-method status="FAIL" signature="checkStatusCode()[pri:0, instance:org.com.projectname.testcases.TC_002_GetSingleEmployeeDetail@6b2fad11]" name="checkStatusCode" duration-ms="15" started-at="2020-04-25T13:58:34Z" finished-at="2020-04-25T13:58:34Z">
          <exception class="java.lang.AssertionError">
            <message>
              <![CDATA[expected [200] but found [404]]]>
            </message>
            <full-stacktrace>
              <![CDATA[java.lang.AssertionError: expected [200] but found [404]
	at org.testng.Assert.fail(Assert.java:93)
	at org.testng.Assert.failNotEquals(Assert.java:512)
	at org.testng.Assert.assertEqualsImpl(Assert.java:134)
	at org.testng.Assert.assertEquals(Assert.java:115)
	at org.testng.Assert.assertEquals(Assert.java:388)
	at org.testng.Assert.assertEquals(Assert.java:398)
	at org.com.projectname.testcases.TC_002_GetSingleEmployeeDetail.checkStatusCode(TC_002_GetSingleEmployeeDetail.java:38)
	at sun.reflect.NativeMethodAccessorImpl.invoke0(Native Method)
	at sun.reflect.NativeMethodAccessorImpl.invoke(NativeMethodAccessorImpl.java:62)
	at sun.reflect.DelegatingMethodAccessorImpl.invoke(DelegatingMethodAccessorImpl.java:43)
	at java.lang.reflect.Method.invoke(Method.java:498)
	at org.testng.internal.MethodInvocationHelper.invokeMethod(MethodInvocationHelper.java:108)
	at org.testng.internal.Invoker.invokeMethod(Invoker.java:661)
	at org.testng.internal.Invoker.invokeTestMethod(Invoker.java:869)
	at org.testng.internal.Invoker.invokeTestMethods(Invoker.java:1193)
	at org.testng.internal.TestMethodWorker.invokeTestMethods(TestMethodWorker.java:126)
	at org.testng.internal.TestMethodWorker.run(TestMethodWorker.java:109)
	at org.testng.TestRunner.privateRun(TestRunner.java:744)
	at org.testng.TestRunner.run(TestRunner.java:602)
	at org.testng.SuiteRunner.runTest(SuiteRunner.java:380)
	at org.testng.SuiteRunner.runSequentially(SuiteRunner.java:375)
	at org.testng.SuiteRunner.privateRun(SuiteRunner.java:340)
	at org.testng.SuiteRunner.run(SuiteRunner.java:289)
	at org.testng.SuiteRunnerWorker.runSuite(SuiteRunnerWorker.java:52)
	at org.testng.SuiteRunnerWorker.run(SuiteRunnerWorker.java:86)
	at org.testng.TestNG.runSuitesSequentially(TestNG.java:1301)
	at org.testng.TestNG.runSuitesLocally(TestNG.java:1226)
	at org.testng.TestNG.runSuites(TestNG.java:1144)
	at org.testng.TestNG.run(TestNG.java:1115)
	at org.apache.maven.surefire.testng.TestNGExecutor.run(TestNGExecutor.java:283)
	at org.apache.maven.surefire.testng.TestNGXmlTestSuite.execute(TestNGXmlTestSuite.java:75)
	at org.apache.maven.surefire.testng.TestNGProvider.invoke(TestNGProvider.java:120)
	at org.apache.maven.surefire.booter.ForkedBooter.invokeProviderInSameClassLoader(ForkedBooter.java:379)
	at org.apache.maven.surefire.booter.ForkedBooter.runSuitesInProcess(ForkedBooter.java:340)
	at org.apache.maven.surefire.booter.ForkedBooter.execute(ForkedBooter.java:125)
	at org.apache.maven.surefire.booter.ForkedBooter.main(ForkedBooter.java:413)
]]>
            </full-stacktrace>
          </exception> <!-- java.lang.AssertionError -->
          <reporter-output>
          </reporter-output>
        </test-method> <!-- checkStatusCode -->
        <test-method status="FAIL" signature="checkStatusLine()[pri:0, instance:org.com.projectname.testcases.TC_002_GetSingleEmployeeDetail@6b2fad11]" name="checkStatusLine" duration-ms="15" started-at="2020-04-25T13:58:34Z" finished-at="2020-04-25T13:58:34Z">
          <exception class="java.lang.AssertionError">
            <message>
              <![CDATA[expected [HTTP/1.1 200 OK] but found [HTTP/1.1 404 Not Found]]]>
            </message>
            <full-stacktrace>
              <![CDATA[java.lang.AssertionError: expected [HTTP/1.1 200 OK] but found [HTTP/1.1 404 Not Found]
	at org.testng.Assert.fail(Assert.java:93)
	at org.testng.Assert.failNotEquals(Assert.java:512)
	at org.testng.Assert.assertEqualsImpl(Assert.java:134)
	at org.testng.Assert.assertEquals(Assert.java:115)
	at org.testng.Assert.assertEquals(Assert.java:189)
	at org.testng.Assert.assertEquals(Assert.java:199)
	at org.com.projectname.testcases.TC_002_GetSingleEmployeeDetail.checkStatusLine(TC_002_GetSingleEmployeeDetail.java:57)
	at sun.reflect.NativeMethodAccessorImpl.invoke0(Native Method)
	at sun.reflect.NativeMethodAccessorImpl.invoke(NativeMethodAccessorImpl.java:62)
	at sun.reflect.DelegatingMethodAccessorImpl.invoke(DelegatingMethodAccessorImpl.java:43)
	at java.lang.reflect.Method.invoke(Method.java:498)
	at org.testng.internal.MethodInvocationHelper.invokeMethod(MethodInvocationHelper.java:108)
	at org.testng.internal.Invoker.invokeMethod(Invoker.java:661)
	at org.testng.internal.Invoker.invokeTestMethod(Invoker.java:869)
	at org.testng.internal.Invoker.invokeTestMethods(Invoker.java:1193)
	at org.testng.internal.TestMethodWorker.invokeTestMethods(TestMethodWorker.java:126)
	at org.testng.internal.TestMethodWorker.run(TestMethodWorker.java:109)
	at org.testng.TestRunner.privateRun(TestRunner.java:744)
	at org.testng.TestRunner.run(TestRunner.java:602)
	at org.testng.SuiteRunner.runTest(SuiteRunner.java:380)
	at org.testng.SuiteRunner.runSequentially(SuiteRunner.java:375)
	at org.testng.SuiteRunner.privateRun(SuiteRunner.java:340)
	at org.testng.SuiteRunner.run(SuiteRunner.java:289)
	at org.testng.SuiteRunnerWorker.runSuite(SuiteRunnerWorker.java:52)
	at org.testng.SuiteRunnerWorker.run(SuiteRunnerWorker.java:86)
	at org.testng.TestNG.runSuitesSequentially(TestNG.java:1301)
	at org.testng.TestNG.runSuitesLocally(TestNG.java:1226)
	at org.testng.TestNG.runSuites(TestNG.java:1144)
	at org.testng.TestNG.run(TestNG.java:1115)
	at org.apache.maven.surefire.testng.TestNGExecutor.run(TestNGExecutor.java:283)
	at org.apache.maven.surefire.testng.TestNGXmlTestSuite.execute(TestNGXmlTestSuite.java:75)
	at org.apache.maven.surefire.testng.TestNGProvider.invoke(TestNGProvider.java:120)
	at org.apache.maven.surefire.booter.ForkedBooter.invokeProviderInSameClassLoader(ForkedBooter.java:379)
	at org.apache.maven.surefire.booter.ForkedBooter.runSuitesInProcess(ForkedBooter.java:340)
	at org.apache.maven.surefire.booter.ForkedBooter.execute(ForkedBooter.java:125)
	at org.apache.maven.surefire.booter.ForkedBooter.main(ForkedBooter.java:413)
]]>
            </full-stacktrace>
          </exception> <!-- java.lang.AssertionError -->
          <reporter-output>
          </reporter-output>
        </test-method> <!-- checkStatusLine -->
      </class> <!-- org.com.projectname.testcases.TC_002_GetSingleEmployeeDetail -->
      <class name="org.com.projectname.testcases.TC001_GetAllEmployeeDetails">
        <test-method status="PASS" signature="setUp()[pri:0, instance:org.com.projectname.testcases.TC001_GetAllEmployeeDetails@79b4d0f]" name="setUp" is-config="true" duration-ms="100" started-at="2020-04-25T13:58:16Z" finished-at="2020-04-25T13:58:16Z">
          <reporter-output>
          </reporter-output>
        </test-method> <!-- setUp -->
        <test-method status="PASS" signature="getAllEmployees()[pri:0, instance:org.com.projectname.testcases.TC001_GetAllEmployeeDetails@79b4d0f]" name="getAllEmployees" is-config="true" duration-ms="13630" started-at="2020-04-25T13:58:16Z" finished-at="2020-04-25T13:58:29Z">
          <reporter-output>
          </reporter-output>
        </test-method> <!-- getAllEmployees -->
        <test-method status="PASS" signature="checkContentEncoding()[pri:0, instance:org.com.projectname.testcases.TC001_GetAllEmployeeDetails@79b4d0f]" name="checkContentEncoding" duration-ms="4" started-at="2020-04-25T13:58:29Z" finished-at="2020-04-25T13:58:29Z">
          <reporter-output>
          </reporter-output>
        </test-method> <!-- checkContentEncoding -->
        <test-method status="PASS" signature="checkContentLength()[pri:0, instance:org.com.projectname.testcases.TC001_GetAllEmployeeDetails@79b4d0f]" name="checkContentLength" duration-ms="8" started-at="2020-04-25T13:58:29Z" finished-at="2020-04-25T13:58:29Z">
          <reporter-output>
          </reporter-output>
        </test-method> <!-- checkContentLength -->
        <test-method status="PASS" signature="checkCookies()[pri:0, instance:org.com.projectname.testcases.TC001_GetAllEmployeeDetails@79b4d0f]" name="checkCookies" duration-ms="4" started-at="2020-04-25T13:58:29Z" finished-at="2020-04-25T13:58:29Z">
          <reporter-output>
          </reporter-output>
        </test-method> <!-- checkCookies -->
        <test-method status="PASS" signature="checkResponseBody()[pri:0, instance:org.com.projectname.testcases.TC001_GetAllEmployeeDetails@79b4d0f]" name="checkResponseBody" duration-ms="125" started-at="2020-04-25T13:58:29Z" finished-at="2020-04-25T13:58:30Z">
          <reporter-output>
          </reporter-output>
        </test-method> <!-- checkResponseBody -->
        <test-method status="PASS" signature="checkResponseTime()[pri:0, instance:org.com.projectname.testcases.TC001_GetAllEmployeeDetails@79b4d0f]" name="checkResponseTime" duration-ms="4" started-at="2020-04-25T13:58:30Z" finished-at="2020-04-25T13:58:30Z">
          <reporter-output>
          </reporter-output>
        </test-method> <!-- checkResponseTime -->
        <test-method status="PASS" signature="checkServerType()[pri:0, instance:org.com.projectname.testcases.TC001_GetAllEmployeeDetails@79b4d0f]" name="checkServerType" duration-ms="0" started-at="2020-04-25T13:58:30Z" finished-at="2020-04-25T13:58:30Z">
          <reporter-output>
          </reporter-output>
        </test-method> <!-- checkServerType -->
        <test-method status="PASS" signature="checkStatusCode()[pri:0, instance:org.com.projectname.testcases.TC001_GetAllEmployeeDetails@79b4d0f]" name="checkStatusCode" duration-ms="0" started-at="2020-04-25T13:58:30Z" finished-at="2020-04-25T13:58:30Z">
          <reporter-output>
          </reporter-output>
        </test-method> <!-- checkStatusCode -->
        <test-method status="PASS" signature="checkStatusLine()[pri:0, instance:org.com.projectname.testcases.TC001_GetAllEmployeeDetails@79b4d0f]" name="checkStatusLine" duration-ms="8" started-at="2020-04-25T13:58:30Z" finished-at="2020-04-25T13:58:30Z">
          <reporter-output>
          </reporter-output>
        </test-method> <!-- checkStatusLine -->
        <test-method status="PASS" signature="contentType()[pri:0, instance:org.com.projectname.testcases.TC001_GetAllEmployeeDetails@79b4d0f]" name="contentType" duration-ms="4" started-at="2020-04-25T13:58:30Z" finished-at="2020-04-25T13:58:30Z">
          <reporter-output>
          </reporter-output>
        </test-method> <!-- contentType -->
        <test-method status="PASS" signature="tearDown()[pri:0, instance:org.com.projectname.testcases.TC001_GetAllEmployeeDetails@79b4d0f]" name="tearDown" duration-ms="4" started-at="2020-04-25T13:58:30Z" finished-at="2020-04-25T13:58:30Z">
          <reporter-output>
          </reporter-output>
        </test-method> <!-- tearDown -->
      </class> <!-- org.com.projectname.testcases.TC001_GetAllEmployeeDetails -->
      <class name="org.com.projectname.testcases.TC_003_Post_SingleEmployeeDetail">
        <test-method status="PASS" signature="setUp()[pri:0, instance:org.com.projectname.testcases.TC_003_Post_SingleEmployeeDetail@79698539]" name="setUp" is-config="true" duration-ms="16" started-at="2020-04-25T13:58:34Z" finished-at="2020-04-25T13:58:34Z">
          <reporter-output>
          </reporter-output>
        </test-method> <!-- setUp -->
        <test-method status="PASS" signature="postSingleEmployee()[pri:0, instance:org.com.projectname.testcases.TC_003_Post_SingleEmployeeDetail@79698539]" name="postSingleEmployee" is-config="true" duration-ms="6175" started-at="2020-04-25T13:58:34Z" finished-at="2020-04-25T13:58:40Z">
          <reporter-output>
          </reporter-output>
        </test-method> <!-- postSingleEmployee -->
        <test-method status="PASS" signature="checkContentType()[pri:0, instance:org.com.projectname.testcases.TC_003_Post_SingleEmployeeDetail@79698539]" name="checkContentType" duration-ms="0" started-at="2020-04-25T13:58:40Z" finished-at="2020-04-25T13:58:40Z">
          <reporter-output>
          </reporter-output>
        </test-method> <!-- checkContentType -->
        <test-method status="PASS" signature="checkContentLength()[pri:0, instance:org.com.projectname.testcases.TC_003_Post_SingleEmployeeDetail@79698539]" name="checkContentLength" duration-ms="0" started-at="2020-04-25T13:58:40Z" finished-at="2020-04-25T13:58:40Z">
          <reporter-output>
          </reporter-output>
        </test-method> <!-- checkContentLength -->
        <test-method status="PASS" signature="checkResponsTime()[pri:0, instance:org.com.projectname.testcases.TC_003_Post_SingleEmployeeDetail@79698539]" name="checkResponsTime" duration-ms="15" started-at="2020-04-25T13:58:40Z" finished-at="2020-04-25T13:58:40Z">
          <reporter-output>
          </reporter-output>
        </test-method> <!-- checkResponsTime -->
        <test-method status="PASS" signature="checkServerType()[pri:0, instance:org.com.projectname.testcases.TC_003_Post_SingleEmployeeDetail@79698539]" name="checkServerType" duration-ms="0" started-at="2020-04-25T13:58:40Z" finished-at="2020-04-25T13:58:40Z">
          <reporter-output>
          </reporter-output>
        </test-method> <!-- checkServerType -->
        <test-method status="PASS" signature="checkResponseBody()[pri:0, instance:org.com.projectname.testcases.TC_003_Post_SingleEmployeeDetail@79698539]" name="checkResponseBody" duration-ms="0" started-at="2020-04-25T13:58:40Z" finished-at="2020-04-25T13:58:40Z">
          <reporter-output>
          </reporter-output>
        </test-method> <!-- checkResponseBody -->
        <test-method status="PASS" signature="checkStatusCode()[pri:0, instance:org.com.projectname.testcases.TC_003_Post_SingleEmployeeDetail@79698539]" name="checkStatusCode" duration-ms="0" started-at="2020-04-25T13:58:40Z" finished-at="2020-04-25T13:58:40Z">
          <reporter-output>
          </reporter-output>
        </test-method> <!-- checkStatusCode -->
        <test-method status="PASS" signature="tearDown()[pri:0, instance:org.com.projectname.testcases.TC_003_Post_SingleEmployeeDetail@79698539]" name="tearDown" is-config="true" duration-ms="0" started-at="2020-04-25T13:58:40Z" finished-at="2020-04-25T13:58:40Z">
          <reporter-output>
          </reporter-output>
        </test-method> <!-- tearDown -->
      </class> <!-- org.com.projectname.testcases.TC_003_Post_SingleEmployeeDetail -->
    </test> <!-- Test -->
  </suite> <!-- Suite -->
</testng-results>
